<?xml version="1.0" encoding="UTF-8"?>
<!-- Generated by org.testng.reporters.JUnitXMLReporter -->
<testsuite ignored="2" hostname="LAPTOP-O2SPC5C9" failures="1" tests="1" name="SubmitOrder" time="6.212" errors="0" timestamp="2025-03-27T12:42:19 IST">
  <testcase classname="rahulshettyacademy.tests.SubmitOrderTest" name="submitOrderValidationTest" time="1.008">
    <failure type="java.lang.AssertionError" message="expected [Incorrect email or password.] but found [ Incorrect email or password. ]">
      <![CDATA[java.lang.AssertionError: expected [Incorrect email or password.] but found [ Incorrect email or password. ]
at rahulshettyacademy.tests.SubmitOrderTest.submitOrderValidationTest(SubmitOrderTest.java:20)
at java.base/java.util.ArrayList.forEach(ArrayList.java:1596)
... Removed 31 stack frames]]>
    </failure>
  </testcase> <!-- submitOrderValidationTest -->
  <testcase classname="rahulshettyacademy.tests.SubmitOrderTest" name="submitOrder" time="0.0">
    <ignored/>
  </testcase> <!-- submitOrder -->
  <testcase classname="rahulshettyacademy.tests.SubmitOrderTest" name="OrderHistoryTest" time="0.0">
    <ignored/>
  </testcase> <!-- OrderHistoryTest -->
</testsuite> <!-- SubmitOrder -->
